2020-05-06 06:54:44> Program: Starting Squirrel Updater: --install .
2020-05-06 06:54:44> Program: Starting install, writing to C:\Users\thesu\AppData\Local\SquirrelTemp
2020-05-06 06:54:44> Program: About to install to: C:\Users\thesu\AppData\Local\GitHubDesktop
2020-05-06 06:54:45> CheckForUpdateImpl: Couldn't write out staging user ID, this user probably shouldn't get beta anything: System.IO.DirectoryNotFoundException: Could not find a part of the path 'C:\Users\thesu\AppData\Local\GitHubDesktop\packages\.betaId'.
   at System.IO.__Error.WinIOError(Int32 errorCode, String maybeFullPath)
   at System.IO.FileStream.Init(String path, FileMode mode, FileAccess access, Int32 rights, Boolean useRights, FileShare share, Int32 bufferSize, FileOptions options, SECURITY_ATTRIBUTES secAttrs, String msgPath, Boolean bFromProxy, Boolean useLongPath, Boolean checkHost)
   at System.IO.FileStream..ctor(String path, FileMode mode, FileAccess access, FileShare share, Int32 bufferSize, FileOptions options, String msgPath, Boolean bFromProxy, Boolean useLongPath, Boolean checkHost)
   at System.IO.StreamWriter.CreateFile(String path, Boolean append, Boolean checkHost)
   at System.IO.StreamWriter..ctor(String path, Boolean append, Encoding encoding, Int32 bufferSize, Boolean checkHost)
   at System.IO.File.InternalWriteAllText(String path, String contents, Encoding encoding, Boolean checkHost)
   at System.IO.File.WriteAllText(String path, String contents, Encoding encoding)
   at Squirrel.UpdateManager.CheckForUpdateImpl.getOrCreateStagedUserId()
2020-05-06 06:54:46> CheckForUpdateImpl: Failed to load local releases, starting from scratch: System.IO.DirectoryNotFoundException: Could not find a part of the path 'C:\Users\thesu\AppData\Local\GitHubDesktop\packages\RELEASES'.
   at System.IO.__Error.WinIOError(Int32 errorCode, String maybeFullPath)
   at System.IO.FileStream.Init(String path, FileMode mode, FileAccess access, Int32 rights, Boolean useRights, FileShare share, Int32 bufferSize, FileOptions options, SECURITY_ATTRIBUTES secAttrs, String msgPath, Boolean bFromProxy, Boolean useLongPath, Boolean checkHost)
   at System.IO.FileStream..ctor(String path, FileMode mode, FileAccess access, FileShare share)
   at Squirrel.Utility.LoadLocalReleases(String localReleaseFile)
   at Squirrel.UpdateManager.CheckForUpdateImpl.<CheckForUpdate>d__2.MoveNext()
2020-05-06 06:54:46> CheckForUpdateImpl: Reading RELEASES file from C:\Users\thesu\AppData\Local\SquirrelTemp
2020-05-06 06:54:46> CheckForUpdateImpl: First run or local directory is corrupt, starting from scratch
2020-05-06 06:55:11> ApplyReleasesImpl: Writing files to app directory: C:\Users\thesu\AppData\Local\GitHubDesktop\app-2.4.3
2020-05-06 06:55:31> LogHost: Rigging execution stub for GitHubDesktop_ExecutionStub.exe to C:\Users\thesu\AppData\Local\GitHubDesktop\GitHubDesktop.exe
2020-05-06 06:57:03> ApplyReleasesImpl: Squirrel Enabled Apps: [C:\Users\thesu\AppData\Local\GitHubDesktop\app-2.4.3\GitHubDesktop.exe]
2020-05-06 06:57:19> ApplyReleasesImpl: Couldn't run Squirrel hook, continuing: C:\Users\thesu\AppData\Local\GitHubDesktop\app-2.4.3\GitHubDesktop.exe: System.OperationCanceledException: The operation was canceled.
   at System.Threading.CancellationToken.ThrowOperationCanceledException()
   at Squirrel.Utility.<>c__DisplayClass11_0.<InvokeProcessAsync>b__0()
   at System.Threading.Tasks.Task.InnerInvoke()
   at System.Threading.Tasks.Task.Execute()
--- End of stack trace from previous location where exception was thrown ---
   at System.Runtime.CompilerServices.TaskAwaiter.ThrowForNonSuccess(Task task)
   at System.Runtime.CompilerServices.TaskAwaiter.HandleNonSuccessAndDebuggerNotification(Task task)
   at Squirrel.Utility.<InvokeProcessAsync>d__11.MoveNext()
--- End of stack trace from previous location where exception was thrown ---
   at System.Runtime.CompilerServices.TaskAwaiter.ThrowForNonSuccess(Task task)
   at System.Runtime.CompilerServices.TaskAwaiter.HandleNonSuccessAndDebuggerNotification(Task task)
   at Squirrel.UpdateManager.ApplyReleasesImpl.<>c__DisplayClass10_0.<<invokePostInstall>b__0>d.MoveNext()
2020-05-06 06:57:19> ApplyReleasesImpl: Starting fixPinnedExecutables
2020-05-06 06:57:19> ApplyReleasesImpl: Examining Pin: File Explorer.lnk
2020-05-06 06:57:19> ApplyReleasesImpl: Examining Pin: Google Chrome.lnk
2020-05-06 06:57:20> ApplyReleasesImpl: Fixing up tray icons
2020-05-06 06:57:21> ApplyReleasesImpl: cleanDeadVersions: for version 2.4.3
2020-05-06 06:57:21> ApplyReleasesImpl: cleanDeadVersions: exclude folder app-2.4.3
2020-05-06 07:15:27> Program: Starting Squirrel Updater: --install .
2020-05-06 07:15:27> Program: Starting install, writing to C:\Users\thesu\AppData\Local\SquirrelTemp
2020-05-06 07:15:27> Program: About to install to: C:\Users\thesu\AppData\Local\GitHubDesktop
2020-05-06 07:15:27> Program: Install path C:\Users\thesu\AppData\Local\GitHubDesktop already exists, burning it to the ground
2020-05-06 07:15:32> IEnableLogger: Failed to remove existing directory on full install, is the app still running???: System.UnauthorizedAccessException: Access to the path 'C:\Users\thesu\AppData\Local\GitHubDesktop\app-2.4.3\chrome_100_percent.pak' is denied.
   at System.IO.__Error.WinIOError(Int32 errorCode, String maybeFullPath)
   at System.IO.File.InternalDelete(String path, Boolean checkHost)
   at System.IO.File.Delete(String path)
   at Squirrel.Utility.<>c.<DeleteDirectory>b__19_0(String file)
   at Squirrel.Utility.<>c__DisplayClass12_1`1.<ForEachAsync>b__1()
   at System.Threading.Tasks.Task.InnerInvoke()
   at System.Threading.Tasks.Task.Execute()
--- End of stack trace from previous location where exception was thrown ---
   at System.Runtime.CompilerServices.TaskAwaiter.ThrowForNonSuccess(Task task)
   at System.Runtime.CompilerServices.TaskAwaiter.HandleNonSuccessAndDebuggerNotification(Task task)
   at Squirrel.Utility.<>c__DisplayClass13_1`1.<<ForEachAsync>b__1>d.MoveNext()
--- End of stack trace from previous location where exception was thrown ---
   at System.Runtime.CompilerServices.TaskAwaiter.ThrowForNonSuccess(Task task)
   at System.Runtime.CompilerServices.TaskAwaiter.HandleNonSuccessAndDebuggerNotification(Task task)
   at Squirrel.Utility.<DeleteDirectory>d__19.MoveNext()
--- End of stack trace from previous location where exception was thrown ---
   at System.Runtime.CompilerServices.TaskAwaiter.ThrowForNonSuccess(Task task)
   at System.Runtime.CompilerServices.TaskAwaiter.HandleNonSuccessAndDebuggerNotification(Task task)
   at Squirrel.Utility.<>c.<<DeleteDirectory>b__19_1>d.MoveNext()
--- End of stack trace from previous location where exception was thrown ---
   at System.Runtime.CompilerServices.TaskAwaiter.ThrowForNonSuccess(Task task)
   at System.Runtime.CompilerServices.TaskAwaiter.HandleNonSuccessAndDebuggerNotification(Task task)
   at Squirrel.Utility.<>c__DisplayClass13_1`1.<<ForEachAsync>b__1>d.MoveNext()
--- End of stack trace from previous location where exception was thrown ---
   at System.Runtime.CompilerServices.TaskAwaiter.ThrowForNonSuccess(Task task)
   at System.Runtime.CompilerServices.TaskAwaiter.HandleNonSuccessAndDebuggerNotification(Task task)
   at Squirrel.Utility.<DeleteDirectory>d__19.MoveNext()
--- End of stack trace from previous location where exception was thrown ---
   at System.Runtime.CompilerServices.TaskAwaiter.ThrowForNonSuccess(Task task)
   at System.Runtime.CompilerServices.TaskAwaiter.HandleNonSuccessAndDebuggerNotification(Task task)
   at Squirrel.Utility.<LogIfThrows>d__42.MoveNext()
2020-05-06 07:15:32> Unhandled exception: System.AggregateException: One or more errors occurred. ---> System.UnauthorizedAccessException: Access to the path 'C:\Users\thesu\AppData\Local\GitHubDesktop\app-2.4.3\chrome_100_percent.pak' is denied.
   at System.IO.__Error.WinIOError(Int32 errorCode, String maybeFullPath)
   at System.IO.File.InternalDelete(String path, Boolean checkHost)
   at System.IO.File.Delete(String path)
   at Squirrel.Utility.<>c.<DeleteDirectory>b__19_0(String file)
   at Squirrel.Utility.<>c__DisplayClass12_1`1.<ForEachAsync>b__1()
   at System.Threading.Tasks.Task.InnerInvoke()
   at System.Threading.Tasks.Task.Execute()
--- End of stack trace from previous location where exception was thrown ---
   at System.Runtime.CompilerServices.TaskAwaiter.ThrowForNonSuccess(Task task)
   at System.Runtime.CompilerServices.TaskAwaiter.HandleNonSuccessAndDebuggerNotification(Task task)
   at Squirrel.Utility.<>c__DisplayClass13_1`1.<<ForEachAsync>b__1>d.MoveNext()
--- End of stack trace from previous location where exception was thrown ---
   at System.Runtime.CompilerServices.TaskAwaiter.ThrowForNonSuccess(Task task)
   at System.Runtime.CompilerServices.TaskAwaiter.HandleNonSuccessAndDebuggerNotification(Task task)
   at Squirrel.Utility.<DeleteDirectory>d__19.MoveNext()
--- End of stack trace from previous location where exception was thrown ---
   at System.Runtime.CompilerServices.TaskAwaiter.ThrowForNonSuccess(Task task)
   at System.Runtime.CompilerServices.TaskAwaiter.HandleNonSuccessAndDebuggerNotification(Task task)
   at Squirrel.Utility.<>c.<<DeleteDirectory>b__19_1>d.MoveNext()
--- End of stack trace from previous location where exception was thrown ---
   at System.Runtime.CompilerServices.TaskAwaiter.ThrowForNonSuccess(Task task)
   at System.Runtime.CompilerServices.TaskAwaiter.HandleNonSuccessAndDebuggerNotification(Task task)
   at Squirrel.Utility.<>c__DisplayClass13_1`1.<<ForEachAsync>b__1>d.MoveNext()
--- End of stack trace from previous location where exception was thrown ---
   at System.Runtime.CompilerServices.TaskAwaiter.ThrowForNonSuccess(Task task)
   at System.Runtime.CompilerServices.TaskAwaiter.HandleNonSuccessAndDebuggerNotification(Task task)
   at Squirrel.Utility.<DeleteDirectory>d__19.MoveNext()
--- End of stack trace from previous location where exception was thrown ---
   at System.Runtime.CompilerServices.TaskAwaiter.ThrowForNonSuccess(Task task)
   at System.Runtime.CompilerServices.TaskAwaiter.HandleNonSuccessAndDebuggerNotification(Task task)
   at Squirrel.Utility.<LogIfThrows>d__42.MoveNext()
--- End of stack trace from previous location where exception was thrown ---
   at System.Runtime.CompilerServices.TaskAwaiter.ThrowForNonSuccess(Task task)
   at System.Runtime.CompilerServices.TaskAwaiter.HandleNonSuccessAndDebuggerNotification(Task task)
   at System.Runtime.CompilerServices.TaskAwaiter.ValidateEnd(Task task)
   at Squirrel.Update.Program.<Install>d__4.MoveNext()
   --- End of inner exception stack trace ---
   at System.Threading.Tasks.Task.ThrowIfExceptional(Boolean includeTaskCanceledExceptions)
   at System.Threading.Tasks.Task.Wait(Int32 millisecondsTimeout, CancellationToken cancellationToken)
   at System.Threading.Tasks.Task.Wait()
   at Squirrel.Update.Program.executeCommandLine(String[] args)
   at Squirrel.Update.Program.main(String[] args)
---> (Inner Exception #0) System.UnauthorizedAccessException: Access to the path 'C:\Users\thesu\AppData\Local\GitHubDesktop\app-2.4.3\chrome_100_percent.pak' is denied.
   at System.IO.__Error.WinIOError(Int32 errorCode, String maybeFullPath)
   at System.IO.File.InternalDelete(String path, Boolean checkHost)
   at System.IO.File.Delete(String path)
   at Squirrel.Utility.<>c.<DeleteDirectory>b__19_0(String file)
   at Squirrel.Utility.<>c__DisplayClass12_1`1.<ForEachAsync>b__1()
   at System.Threading.Tasks.Task.InnerInvoke()
   at System.Threading.Tasks.Task.Execute()
--- End of stack trace from previous location where exception was thrown ---
   at System.Runtime.CompilerServices.TaskAwaiter.ThrowForNonSuccess(Task task)
   at System.Runtime.CompilerServices.TaskAwaiter.HandleNonSuccessAndDebuggerNotification(Task task)
   at Squirrel.Utility.<>c__DisplayClass13_1`1.<<ForEachAsync>b__1>d.MoveNext()
--- End of stack trace from previous location where exception was thrown ---
   at System.Runtime.CompilerServices.TaskAwaiter.ThrowForNonSuccess(Task task)
   at System.Runtime.CompilerServices.TaskAwaiter.HandleNonSuccessAndDebuggerNotification(Task task)
   at Squirrel.Utility.<DeleteDirectory>d__19.MoveNext()
--- End of stack trace from previous location where exception was thrown ---
   at System.Runtime.CompilerServices.TaskAwaiter.ThrowForNonSuccess(Task task)
   at System.Runtime.CompilerServices.TaskAwaiter.HandleNonSuccessAndDebuggerNotification(Task task)
   at Squirrel.Utility.<>c.<<DeleteDirectory>b__19_1>d.MoveNext()
--- End of stack trace from previous location where exception was thrown ---
   at System.Runtime.CompilerServices.TaskAwaiter.ThrowForNonSuccess(Task task)
   at System.Runtime.CompilerServices.TaskAwaiter.HandleNonSuccessAndDebuggerNotification(Task task)
   at Squirrel.Utility.<>c__DisplayClass13_1`1.<<ForEachAsync>b__1>d.MoveNext()
--- End of stack trace from previous location where exception was thrown ---
   at System.Runtime.CompilerServices.TaskAwaiter.ThrowForNonSuccess(Task task)
   at System.Runtime.CompilerServices.TaskAwaiter.HandleNonSuccessAndDebuggerNotification(Task task)
   at Squirrel.Utility.<DeleteDirectory>d__19.MoveNext()
--- End of stack trace from previous location where exception was thrown ---
   at System.Runtime.CompilerServices.TaskAwaiter.ThrowForNonSuccess(Task task)
   at System.Runtime.CompilerServices.TaskAwaiter.HandleNonSuccessAndDebuggerNotification(Task task)
   at Squirrel.Utility.<LogIfThrows>d__42.MoveNext()
--- End of stack trace from previous location where exception was thrown ---
   at System.Runtime.CompilerServices.TaskAwaiter.ThrowForNonSuccess(Task task)
   at System.Runtime.CompilerServices.TaskAwaiter.HandleNonSuccessAndDebuggerNotification(Task task)
   at System.Runtime.CompilerServices.TaskAwaiter.ValidateEnd(Task task)
   at Squirrel.Update.Program.<Install>d__4.MoveNext()<---

2020-05-06 07:22:51> Program: Starting Squirrel Updater: --install .
2020-05-06 07:22:51> Program: Starting install, writing to C:\Users\thesu\AppData\Local\SquirrelTemp
2020-05-06 07:22:51> Program: About to install to: C:\Users\thesu\AppData\Local\GitHubDesktop
2020-05-06 07:22:51> Program: Install path C:\Users\thesu\AppData\Local\GitHubDesktop already exists, burning it to the ground
2020-05-06 07:22:52> CheckForUpdateImpl: Couldn't write out staging user ID, this user probably shouldn't get beta anything: System.IO.DirectoryNotFoundException: Could not find a part of the path 'C:\Users\thesu\AppData\Local\GitHubDesktop\packages\.betaId'.
   at System.IO.__Error.WinIOError(Int32 errorCode, String maybeFullPath)
   at System.IO.FileStream.Init(String path, FileMode mode, FileAccess access, Int32 rights, Boolean useRights, FileShare share, Int32 bufferSize, FileOptions options, SECURITY_ATTRIBUTES secAttrs, String msgPath, Boolean bFromProxy, Boolean useLongPath, Boolean checkHost)
   at System.IO.FileStream..ctor(String path, FileMode mode, FileAccess access, FileShare share, Int32 bufferSize, FileOptions options, String msgPath, Boolean bFromProxy, Boolean useLongPath, Boolean checkHost)
   at System.IO.StreamWriter.CreateFile(String path, Boolean append, Boolean checkHost)
   at System.IO.StreamWriter..ctor(String path, Boolean append, Encoding encoding, Int32 bufferSize, Boolean checkHost)
   at System.IO.File.InternalWriteAllText(String path, String contents, Encoding encoding, Boolean checkHost)
   at System.IO.File.WriteAllText(String path, String contents, Encoding encoding)
   at Squirrel.UpdateManager.CheckForUpdateImpl.getOrCreateStagedUserId()
2020-05-06 07:22:52> CheckForUpdateImpl: Failed to load local releases, starting from scratch: System.IO.DirectoryNotFoundException: Could not find a part of the path 'C:\Users\thesu\AppData\Local\GitHubDesktop\packages\RELEASES'.
   at System.IO.__Error.WinIOError(Int32 errorCode, String maybeFullPath)
   at System.IO.FileStream.Init(String path, FileMode mode, FileAccess access, Int32 rights, Boolean useRights, FileShare share, Int32 bufferSize, FileOptions options, SECURITY_ATTRIBUTES secAttrs, String msgPath, Boolean bFromProxy, Boolean useLongPath, Boolean checkHost)
   at System.IO.FileStream..ctor(String path, FileMode mode, FileAccess access, FileShare share)
   at Squirrel.Utility.LoadLocalReleases(String localReleaseFile)
   at Squirrel.UpdateManager.CheckForUpdateImpl.<CheckForUpdate>d__2.MoveNext()
2020-05-06 07:22:52> CheckForUpdateImpl: Reading RELEASES file from C:\Users\thesu\AppData\Local\SquirrelTemp
2020-05-06 07:22:53> CheckForUpdateImpl: First run or local directory is corrupt, starting from scratch
2020-05-06 07:22:54> ApplyReleasesImpl: Writing files to app directory: C:\Users\thesu\AppData\Local\GitHubDesktop\app-2.4.3
2020-05-06 07:22:59> LogHost: Rigging execution stub for GitHubDesktop_ExecutionStub.exe to C:\Users\thesu\AppData\Local\GitHubDesktop\GitHubDesktop.exe
2020-05-06 07:23:52> ApplyReleasesImpl: Squirrel Enabled Apps: [C:\Users\thesu\AppData\Local\GitHubDesktop\app-2.4.3\GitHubDesktop.exe]
2020-05-06 07:24:09> ApplyReleasesImpl: Couldn't run Squirrel hook, continuing: C:\Users\thesu\AppData\Local\GitHubDesktop\app-2.4.3\GitHubDesktop.exe: System.OperationCanceledException: The operation was canceled.
   at System.Threading.CancellationToken.ThrowOperationCanceledException()
   at Squirrel.Utility.<>c__DisplayClass11_0.<InvokeProcessAsync>b__0()
   at System.Threading.Tasks.Task.InnerInvoke()
   at System.Threading.Tasks.Task.Execute()
--- End of stack trace from previous location where exception was thrown ---
   at System.Runtime.CompilerServices.TaskAwaiter.ThrowForNonSuccess(Task task)
   at System.Runtime.CompilerServices.TaskAwaiter.HandleNonSuccessAndDebuggerNotification(Task task)
   at Squirrel.Utility.<InvokeProcessAsync>d__11.MoveNext()
--- End of stack trace from previous location where exception was thrown ---
   at System.Runtime.CompilerServices.TaskAwaiter.ThrowForNonSuccess(Task task)
   at System.Runtime.CompilerServices.TaskAwaiter.HandleNonSuccessAndDebuggerNotification(Task task)
   at Squirrel.UpdateManager.ApplyReleasesImpl.<>c__DisplayClass10_0.<<invokePostInstall>b__0>d.MoveNext()
2020-05-06 07:24:10> ApplyReleasesImpl: Starting fixPinnedExecutables
2020-05-06 07:24:10> ApplyReleasesImpl: Examining Pin: File Explorer.lnk
2020-05-06 07:24:10> ApplyReleasesImpl: Examining Pin: Google Chrome.lnk
2020-05-06 07:24:10> ApplyReleasesImpl: Fixing up tray icons
2020-05-06 07:24:10> ApplyReleasesImpl: cleanDeadVersions: for version 2.4.3
2020-05-06 07:24:10> ApplyReleasesImpl: cleanDeadVersions: exclude folder app-2.4.3
2020-05-06 16:54:07> Program: Starting Squirrel Updater: --install .
2020-05-06 16:54:07> Program: Starting install, writing to C:\Users\thesu\AppData\Local\SquirrelTemp
2020-05-06 16:54:07> Program: About to install to: C:\Users\thesu\AppData\Local\GitHubDesktop
2020-05-06 16:54:07> Program: Install path C:\Users\thesu\AppData\Local\GitHubDesktop already exists, burning it to the ground
2020-05-06 16:54:13> CheckForUpdateImpl: Couldn't write out staging user ID, this user probably shouldn't get beta anything: System.IO.DirectoryNotFoundException: Could not find a part of the path 'C:\Users\thesu\AppData\Local\GitHubDesktop\packages\.betaId'.
   at System.IO.__Error.WinIOError(Int32 errorCode, String maybeFullPath)
   at System.IO.FileStream.Init(String path, FileMode mode, FileAccess access, Int32 rights, Boolean useRights, FileShare share, Int32 bufferSize, FileOptions options, SECURITY_ATTRIBUTES secAttrs, String msgPath, Boolean bFromProxy, Boolean useLongPath, Boolean checkHost)
   at System.IO.FileStream..ctor(String path, FileMode mode, FileAccess access, FileShare share, Int32 bufferSize, FileOptions options, String msgPath, Boolean bFromProxy, Boolean useLongPath, Boolean checkHost)
   at System.IO.StreamWriter.CreateFile(String path, Boolean append, Boolean checkHost)
   at System.IO.StreamWriter..ctor(String path, Boolean append, Encoding encoding, Int32 bufferSize, Boolean checkHost)
   at System.IO.File.InternalWriteAllText(String path, String contents, Encoding encoding, Boolean checkHost)
   at System.IO.File.WriteAllText(String path, String contents, Encoding encoding)
   at Squirrel.UpdateManager.CheckForUpdateImpl.getOrCreateStagedUserId()
2020-05-06 16:54:13> CheckForUpdateImpl: Failed to load local releases, starting from scratch: System.IO.DirectoryNotFoundException: Could not find a part of the path 'C:\Users\thesu\AppData\Local\GitHubDesktop\packages\RELEASES'.
   at System.IO.__Error.WinIOError(Int32 errorCode, String maybeFullPath)
   at System.IO.FileStream.Init(String path, FileMode mode, FileAccess access, Int32 rights, Boolean useRights, FileShare share, Int32 bufferSize, FileOptions options, SECURITY_ATTRIBUTES secAttrs, String msgPath, Boolean bFromProxy, Boolean useLongPath, Boolean checkHost)
   at System.IO.FileStream..ctor(String path, FileMode mode, FileAccess access, FileShare share)
   at Squirrel.Utility.LoadLocalReleases(String localReleaseFile)
   at Squirrel.UpdateManager.CheckForUpdateImpl.<CheckForUpdate>d__2.MoveNext()
2020-05-06 16:54:13> CheckForUpdateImpl: Reading RELEASES file from C:\Users\thesu\AppData\Local\SquirrelTemp
2020-05-06 16:54:13> CheckForUpdateImpl: First run or local directory is corrupt, starting from scratch
2020-05-06 16:54:16> ApplyReleasesImpl: Writing files to app directory: C:\Users\thesu\AppData\Local\GitHubDesktop\app-2.4.3
2020-05-06 16:54:21> LogHost: Rigging execution stub for GitHubDesktop_ExecutionStub.exe to C:\Users\thesu\AppData\Local\GitHubDesktop\GitHubDesktop.exe
2020-05-06 16:55:16> ApplyReleasesImpl: Squirrel Enabled Apps: [C:\Users\thesu\AppData\Local\GitHubDesktop\app-2.4.3\GitHubDesktop.exe]
2020-05-06 16:55:33> ApplyReleasesImpl: Couldn't run Squirrel hook, continuing: C:\Users\thesu\AppData\Local\GitHubDesktop\app-2.4.3\GitHubDesktop.exe: System.OperationCanceledException: The operation was canceled.
   at System.Threading.CancellationToken.ThrowOperationCanceledException()
   at Squirrel.Utility.<>c__DisplayClass11_0.<InvokeProcessAsync>b__0()
   at System.Threading.Tasks.Task.InnerInvoke()
   at System.Threading.Tasks.Task.Execute()
--- End of stack trace from previous location where exception was thrown ---
   at System.Runtime.CompilerServices.TaskAwaiter.ThrowForNonSuccess(Task task)
   at System.Runtime.CompilerServices.TaskAwaiter.HandleNonSuccessAndDebuggerNotification(Task task)
   at Squirrel.Utility.<InvokeProcessAsync>d__11.MoveNext()
--- End of stack trace from previous location where exception was thrown ---
   at System.Runtime.CompilerServices.TaskAwaiter.ThrowForNonSuccess(Task task)
   at System.Runtime.CompilerServices.TaskAwaiter.HandleNonSuccessAndDebuggerNotification(Task task)
   at Squirrel.UpdateManager.ApplyReleasesImpl.<>c__DisplayClass10_0.<<invokePostInstall>b__0>d.MoveNext()
2020-05-06 16:55:33> ApplyReleasesImpl: Starting fixPinnedExecutables
2020-05-06 16:55:34> ApplyReleasesImpl: Examining Pin: File Explorer.lnk
2020-05-06 16:55:34> ApplyReleasesImpl: Examining Pin: Google Chrome.lnk
2020-05-06 16:55:35> ApplyReleasesImpl: Examining Pin: Microsoft Edge.lnk
2020-05-06 16:55:35> ApplyReleasesImpl: Fixing up tray icons
2020-05-06 16:55:36> ApplyReleasesImpl: cleanDeadVersions: for version 2.4.3
2020-05-06 16:55:36> ApplyReleasesImpl: cleanDeadVersions: exclude folder app-2.4.3
